<?xml version="1.0" encoding="UTF-8"?>
<robot generator="Robot 4.0 (Python 3.9.5 on darwin)" generated="20220725 16:48:48.644" rpa="false" schemaversion="2">
<suite id="s1" name="User Sign In" source="/Users/nick_lee/aha-robotframework-demo/user_sign_in.robot">
<test id="s1-t1" name="TC_001 Login Page Element">
<kw name="GIVEN Open Home Page Using Chrome Browser">
<kw name="Evaluate" library="BuiltIn">
<var>${options}</var>
<arg>sys.modules['selenium.webdriver'].ChromeOptions()</arg>
<arg>sys, selenium.webdriver</arg>
<doc>Evaluates the given expression in Python and returns the result.</doc>
<msg timestamp="20220725 16:48:48.760" level="INFO">${options} = &lt;selenium.webdriver.chrome.options.Options object at 0x7faec8d4c9a0&gt;</msg>
<status status="PASS" starttime="20220725 16:48:48.759" endtime="20220725 16:48:48.760"/>
</kw>
<kw name="Call Method" library="BuiltIn">
<arg>${options}</arg>
<arg>add_argument</arg>
<arg>--no-sandbox</arg>
<doc>Calls the named method of the given object with the provided arguments.</doc>
<status status="PASS" starttime="20220725 16:48:48.760" endtime="20220725 16:48:48.760"/>
</kw>
<kw name="Create Dictionary" library="BuiltIn">
<var>${prefs}</var>
<arg>download.default_directory=${TMP_PATH}</arg>
<doc>Creates and returns a dictionary based on the given ``items``.</doc>
<msg timestamp="20220725 16:48:48.760" level="INFO">${prefs} = {'download.default_directory': '/tmp'}</msg>
<status status="PASS" starttime="20220725 16:48:48.760" endtime="20220725 16:48:48.760"/>
</kw>
<kw name="Call Method" library="BuiltIn">
<arg>${options}</arg>
<arg>add_experimental_option</arg>
<arg>prefs</arg>
<arg>${prefs}</arg>
<doc>Calls the named method of the given object with the provided arguments.</doc>
<status status="PASS" starttime="20220725 16:48:48.760" endtime="20220725 16:48:48.760"/>
</kw>
<kw name="Create Webdriver" library="Selenium2Library">
<arg>Chrome</arg>
<arg>chrome_options=${options}</arg>
<doc>Creates an instance of Selenium WebDriver.</doc>
<msg timestamp="20220725 16:48:48.761" level="INFO">Creating an instance of the Chrome WebDriver.</msg>
<status status="PASS" starttime="20220725 16:48:48.760" endtime="20220725 16:48:53.640"/>
</kw>
<kw name="Go To" library="Selenium2Library">
<arg>${HOME_PAGE}</arg>
<doc>Navigates the current browser window to the provided ``url``.</doc>
<msg timestamp="20220725 16:48:53.641" level="INFO">Opening url 'https://app.earnaha.com'</msg>
<status status="PASS" starttime="20220725 16:48:53.640" endtime="20220725 16:49:07.229"/>
</kw>
<kw name="Maximize Browser Window" library="Selenium2Library">
<doc>Maximizes current browser window.</doc>
<status status="PASS" starttime="20220725 16:49:07.229" endtime="20220725 16:49:07.455"/>
</kw>
<status status="PASS" starttime="20220725 16:48:48.759" endtime="20220725 16:49:07.456"/>
</kw>
<kw name="WHEN Click Login Button">
<kw name="Wait Until Element Is Enabled" library="Selenium2Library">
<arg>${LOGIN_BUTTON}</arg>
<arg>timeout=10s</arg>
<doc>Waits until the element ``locator`` is enabled.</doc>
<status status="PASS" starttime="20220725 16:49:07.456" endtime="20220725 16:49:07.689"/>
</kw>
<kw name="Click Element" library="Selenium2Library">
<arg>${LOGIN_BUTTON}</arg>
<doc>Click the element identified by ``locator``.</doc>
<msg timestamp="20220725 16:49:07.690" level="INFO">Clicking element 'xpath:/html/body/div[1]/div[3]/div[1]/div[3]/div[2]/div/button[2]'.</msg>
<status status="PASS" starttime="20220725 16:49:07.689" endtime="20220725 16:49:08.375"/>
</kw>
<status status="PASS" starttime="20220725 16:49:07.456" endtime="20220725 16:49:08.376"/>
</kw>
<kw name="THEN Login Form Is Interactive">
<kw name="Wait Until Element Is Visible" library="Selenium2Library">
<arg>${LOGIN_FORM}</arg>
<arg>timeout=5s</arg>
<doc>Waits until the element ``locator`` is visible.</doc>
<status status="PASS" starttime="20220725 16:49:08.376" endtime="20220725 16:49:12.804"/>
</kw>
<kw name="Wait Until Element Is Enabled" library="Selenium2Library">
<arg>${LOGIN_CONTINUE_BUTTON}</arg>
<arg>timeout=2s</arg>
<doc>Waits until the element ``locator`` is enabled.</doc>
<status status="PASS" starttime="20220725 16:49:12.804" endtime="20220725 16:49:12.886"/>
</kw>
<kw name="Wait Until Element Is Enabled" library="Selenium2Library">
<arg>${GOOGLE_LOGIN_BUTTON}</arg>
<arg>timeout=2s</arg>
<doc>Waits until the element ``locator`` is enabled.</doc>
<status status="PASS" starttime="20220725 16:49:12.886" endtime="20220725 16:49:12.964"/>
</kw>
<kw name="Wait Until Element Is Enabled" library="Selenium2Library">
<arg>${EMAIL_FIELD}</arg>
<arg>timeout=2s</arg>
<doc>Waits until the element ``locator`` is enabled.</doc>
<status status="PASS" starttime="20220725 16:49:12.964" endtime="20220725 16:49:12.979"/>
</kw>
<kw name="Wait Until Element Is Enabled" library="Selenium2Library">
<arg>${PASSWORD_FIELD}</arg>
<arg>timeout=2s</arg>
<doc>Waits until the element ``locator`` is enabled.</doc>
<status status="PASS" starttime="20220725 16:49:12.979" endtime="20220725 16:49:13.090"/>
</kw>
<status status="PASS" starttime="20220725 16:49:08.376" endtime="20220725 16:49:13.090"/>
</kw>
<status status="PASS" starttime="20220725 16:48:48.759" endtime="20220725 16:49:13.091"/>
</test>
<status status="PASS" starttime="20220725 16:48:48.645" endtime="20220725 16:49:13.091"/>
</suite>
<statistics>
<total>
<stat pass="1" fail="0" skip="0">All Tests</stat>
</total>
<tag>
</tag>
<suite>
<stat pass="1" fail="0" skip="0" id="s1" name="User Sign In">User Sign In</stat>
</suite>
</statistics>
<errors>
</errors>
</robot>
